<?xml version="1.0" encoding="UTF-8"?>
<testng-results skipped="0" failed="0" ignored="0" total="1" passed="1">
  <reporter-output>
  </reporter-output>
  <suite name="Default suite" duration-ms="21643" started-at="2019-11-13T03:52:53Z" finished-at="2019-11-13T03:53:15Z">
    <groups>
    </groups>
    <test name="Default test" duration-ms="21643" started-at="2019-11-13T03:52:53Z" finished-at="2019-11-13T03:53:15Z">
      <class name="com.w2a.maven.AppTest">
        <test-method status="PASS" signature="testGoogle()[pri:0, instance:com.w2a.maven.AppTest@7a9273a8]" name="testGoogle" duration-ms="21562" started-at="2019-11-13T03:52:53Z" finished-at="2019-11-13T03:53:15Z">
          <reporter-output>
          </reporter-output>
        </test-method> <!-- testGoogle -->
      </class> <!-- com.w2a.maven.AppTest -->
    </test> <!-- Default test -->
  </suite> <!-- Default suite -->
</testng-results>
